
RAxML-NG v. 1.0.2 released on 22.02.2021 by The Exelixis Lab.
Developed by: Alexey M. Kozlov and Alexandros Stamatakis.
Contributors: Diego Darriba, Tomas Flouri, Benoit Morel, Sarah Lutteropp, Ben Bettisworth.
Latest version: https://github.com/amkozlov/raxml-ng
Questions/problems/suggestions? Please visit: https://groups.google.com/forum/#!forum/raxml

System: Intel(R) Xeon(R) CPU E5-2650 0 @ 2.00GHz, 16 cores, 188 GB RAM

RAxML-NG was called at 15-Apr-2021 18:42:00 as follows:

raxml-ng --evaluate --msa Final_alignment.fa --threads 2 --model GTR+G --tree T13.raxml.support.final --prefix evaluate

Analysis options:
  run mode: Evaluate tree likelihood
  start tree(s): user
  random seed: 1618530120
  tip-inner: OFF
  pattern compression: ON
  per-rate scalers: OFF
  site repeats: ON
  branch lengths: proportional (ML estimate, algorithm: NR-FAST)
  SIMD kernels: AVX
  parallelization: coarse-grained (auto), PTHREADS (2 threads), thread pinning: OFF

[00:00:00] Reading alignment from file: Final_alignment.fa
[00:00:00] Loaded alignment with 26 taxa and 3906 sites

WARNING: Sequences hCoV-19_Brazil1 and hCoV-19_Brazil2 are exactly identical!
WARNING: Sequences hCoV-19_Egypt1 and hCoV-19_Egypt2 are exactly identical!
WARNING: Duplicate sequences found: 2

NOTE: Reduced alignment (with duplicates and gap-only sites/taxa removed) 
NOTE: was saved to: /home/kacharya/563_final_project/563_final/evaluate.raxml.reduced.phy

Alignment comprises 1 partitions and 150 patterns

Partition 0: noname
Model: GTR+FO+G4m
Alignment sites / patterns: 3906 / 150
Gaps: 3.03 %
Invariant sites: 98.64 %


NOTE: Binary MSA file created: evaluate.raxml.rba

Parallelization scheme autoconfig: 1 worker(s) x 2 thread(s)

Parallel reduction/worker buffer size: 1 KB  / 0 KB

[00:00:00] Loading user starting tree(s) from: T13.raxml.support.final
[00:00:00] Data distribution: max. partitions/sites/weight per thread: 1 / 75 / 1200
[00:00:00] Data distribution: max. searches per worker: 1

Evaluating 1 trees

[00:00:00] Tree #1, initial LogLikelihood: -5921.378011

[00:00:00 -5921.378011] Initial branch length optimization
[00:00:00 -5921.373715] Model parameter optimization (eps = 0.100000)

[00:00:00] Tree #1, final logLikelihood: -5754.742259


Optimized model parameters:

   Partition 0: noname
   Rate heterogeneity: GAMMA (4 cats, mean),  alpha: 0.020138 (ML),  weights&rates: (0.250000,0.000000) (0.250000,0.000000) (0.250000,0.000001) (0.250000,3.999999) 
   Base frequencies (ML): 0.295962 0.186464 0.182897 0.334676 
   Substitution rates (ML): 0.287703 0.350218 0.032931 0.271036 1.143973 1.000000 


Final LogLikelihood: -5754.742259

AIC score: 11625.484519 / AICc score: 11627.263567 / BIC score: 11989.160127
Free parameters (model + branch lengths): 58

WARNING: Best ML tree contains 13 near-zero branches!

Best ML tree with collapsed near-zero branches saved to: /home/kacharya/563_final_project/563_final/evaluate.raxml.bestTreeCollapsed
Best ML tree saved to: /home/kacharya/563_final_project/563_final/evaluate.raxml.bestTree
Optimized model saved to: /home/kacharya/563_final_project/563_final/evaluate.raxml.bestModel

Execution log saved to: /home/kacharya/563_final_project/563_final/evaluate.raxml.log

Analysis started: 15-Apr-2021 18:42:00 / finished: 15-Apr-2021 18:42:00

Elapsed time: 0.110 seconds

