
RAxML-NG v. 1.0.2 released on 22.02.2021 by The Exelixis Lab.
Developed by: Alexey M. Kozlov and Alexandros Stamatakis.
Contributors: Diego Darriba, Tomas Flouri, Benoit Morel, Sarah Lutteropp, Ben Bettisworth.
Latest version: https://github.com/amkozlov/raxml-ng
Questions/problems/suggestions? Please visit: https://groups.google.com/forum/#!forum/raxml

System: Intel(R) Xeon(R) CPU E5-2650 0 @ 2.00GHz, 16 cores, 125 GB RAM

RAxML-NG was called at 14-Apr-2021 22:39:33 as follows:

raxml-ng --all --msa Final_alignment.fa --model GTR+G --prefix T15 --seed 2 --threads 2 --bs-metric fbp,tbe

Analysis options:
  run mode: ML tree search + bootstrapping (Felsenstein Bootstrap + Transfer Bootstrap)
  start tree(s): random (10) + parsimony (10)
  bootstrap replicates: max: 1000 + bootstopping (autoMRE, cutoff: 0.030000)
  random seed: 2
  tip-inner: OFF
  pattern compression: ON
  per-rate scalers: OFF
  site repeats: ON
  branch lengths: proportional (ML estimate, algorithm: NR-FAST)
  SIMD kernels: AVX
  parallelization: coarse-grained (auto), PTHREADS (2 threads), thread pinning: OFF

[00:00:00] Reading alignment from file: Final_alignment.fa
[00:00:00] Loaded alignment with 26 taxa and 3906 sites

WARNING: Sequences hCoV-19_Brazil1 and hCoV-19_Brazil2 are exactly identical!
WARNING: Sequences hCoV-19_Egypt1 and hCoV-19_Egypt2 are exactly identical!
WARNING: Duplicate sequences found: 2

NOTE: Reduced alignment (with duplicates and gap-only sites/taxa removed) 
NOTE: was saved to: /home/kacharya/563_final_project/563_final/T15.raxml.reduced.phy

Alignment comprises 1 partitions and 150 patterns

Partition 0: noname
Model: GTR+FO+G4m
Alignment sites / patterns: 3906 / 150
Gaps: 3.03 %
Invariant sites: 98.64 %


NOTE: Binary MSA file created: T15.raxml.rba

Parallelization scheme autoconfig: 2 worker(s) x 1 thread(s)

Parallel reduction/worker buffer size: 1 KB  / 0 KB

[00:00:00] Generating 10 random starting tree(s) with 26 taxa
[00:00:00] Generating 10 parsimony starting tree(s) with 26 taxa
[00:00:00] Data distribution: max. partitions/sites/weight per thread: 1 / 150 / 2400
[00:00:00] Data distribution: max. searches per worker: 510

Starting ML tree search with 20 distinct starting trees

[00:00:00] [worker #0] ML tree search #1, logLikelihood: -5754.742254
[00:00:00] [worker #1] ML tree search #2, logLikelihood: -5754.742254
[00:00:01] [worker #0] ML tree search #3, logLikelihood: -5754.742250
[00:00:01] [worker #1] ML tree search #4, logLikelihood: -5754.742250
[00:00:02] [worker #1] ML tree search #6, logLikelihood: -5754.742264
[00:00:02] [worker #0] ML tree search #5, logLikelihood: -5754.742263
[00:00:02] [worker #1] ML tree search #8, logLikelihood: -5754.742252
[00:00:03] [worker #0] ML tree search #7, logLikelihood: -5754.742250
[00:00:03] [worker #1] ML tree search #10, logLikelihood: -5754.742250
[00:00:03] [worker #1] ML tree search #12, logLikelihood: -5754.742242
[00:00:03] [worker #0] ML tree search #9, logLikelihood: -5754.742251
[00:00:04] [worker #1] ML tree search #14, logLikelihood: -5754.743048
[00:00:04] [worker #0] ML tree search #11, logLikelihood: -5754.742243
[00:00:04] [worker #1] ML tree search #16, logLikelihood: -5754.742256
[00:00:05] [worker #0] ML tree search #13, logLikelihood: -5754.742249
[00:00:05] [worker #1] ML tree search #18, logLikelihood: -5754.742261
[00:00:05] [worker #0] ML tree search #15, logLikelihood: -5754.743008
[00:00:05] [worker #1] ML tree search #20, logLikelihood: -5754.742253
[00:00:06] [worker #0] ML tree search #17, logLikelihood: -5754.742242
[00:00:07] [worker #0] ML tree search #19, logLikelihood: -5754.742242

[00:00:07] ML tree search completed, best tree logLH: -5754.742242

[00:00:07] Starting bootstrapping analysis with 1000 replicates.

[00:00:07] [worker #1] Bootstrap tree #2, logLikelihood: -5828.057547
[00:00:07] [worker #0] Bootstrap tree #1, logLikelihood: -5667.444029
[00:00:08] [worker #1] Bootstrap tree #4, logLikelihood: -5688.542310
[00:00:08] [worker #0] Bootstrap tree #3, logLikelihood: -5657.431765
[00:00:08] [worker #1] Bootstrap tree #6, logLikelihood: -5659.424751
[00:00:08] [worker #0] Bootstrap tree #5, logLikelihood: -5762.910417
[00:00:08] [worker #1] Bootstrap tree #8, logLikelihood: -5709.855116
[00:00:09] [worker #0] Bootstrap tree #7, logLikelihood: -5756.856386
[00:00:09] [worker #1] Bootstrap tree #10, logLikelihood: -5650.726117
[00:00:09] [worker #1] Bootstrap tree #12, logLikelihood: -5722.109331
[00:00:09] [worker #0] Bootstrap tree #9, logLikelihood: -5793.383966
[00:00:10] [worker #1] Bootstrap tree #14, logLikelihood: -5768.539521
[00:00:10] [worker #0] Bootstrap tree #11, logLikelihood: -5713.957260
[00:00:10] [worker #1] Bootstrap tree #16, logLikelihood: -5654.167571
[00:00:10] [worker #0] Bootstrap tree #13, logLikelihood: -5673.374903
[00:00:11] [worker #1] Bootstrap tree #18, logLikelihood: -5671.518103
[00:00:11] [worker #1] Bootstrap tree #20, logLikelihood: -5726.575650
[00:00:11] [worker #0] Bootstrap tree #15, logLikelihood: -5698.724050
[00:00:12] [worker #1] Bootstrap tree #22, logLikelihood: -5701.827549
[00:00:12] [worker #0] Bootstrap tree #17, logLikelihood: -5753.927947
[00:00:12] [worker #1] Bootstrap tree #24, logLikelihood: -5773.703110
[00:00:13] [worker #1] Bootstrap tree #26, logLikelihood: -5656.797652
[00:00:13] [worker #0] Bootstrap tree #19, logLikelihood: -5792.428606
[00:00:13] [worker #1] Bootstrap tree #28, logLikelihood: -5723.051637
[00:00:13] [worker #0] Bootstrap tree #21, logLikelihood: -5762.674444
[00:00:13] [worker #1] Bootstrap tree #30, logLikelihood: -5831.973321
[00:00:14] [worker #0] Bootstrap tree #23, logLikelihood: -5658.025744
[00:00:14] [worker #1] Bootstrap tree #32, logLikelihood: -5673.910055
[00:00:14] [worker #0] Bootstrap tree #25, logLikelihood: -5794.958897
[00:00:15] [worker #1] Bootstrap tree #34, logLikelihood: -5812.938143
[00:00:15] [worker #0] Bootstrap tree #27, logLikelihood: -5729.077225
[00:00:15] [worker #1] Bootstrap tree #36, logLikelihood: -5699.002377
[00:00:16] [worker #0] Bootstrap tree #29, logLikelihood: -5799.484260
[00:00:16] [worker #1] Bootstrap tree #38, logLikelihood: -5675.296077
[00:00:16] [worker #1] Bootstrap tree #40, logLikelihood: -5745.737067
[00:00:16] [worker #0] Bootstrap tree #31, logLikelihood: -5711.544809
[00:00:17] [worker #1] Bootstrap tree #42, logLikelihood: -5780.018630
[00:00:17] [worker #0] Bootstrap tree #33, logLikelihood: -5699.490561
[00:00:17] [worker #0] Bootstrap tree #35, logLikelihood: -5692.536062
[00:00:17] [worker #1] Bootstrap tree #44, logLikelihood: -5726.973417
[00:00:18] [worker #1] Bootstrap tree #46, logLikelihood: -5775.208910
[00:00:18] [worker #0] Bootstrap tree #37, logLikelihood: -5782.773882
[00:00:18] [worker #1] Bootstrap tree #48, logLikelihood: -5672.935671
[00:00:19] [worker #0] Bootstrap tree #39, logLikelihood: -5761.598327
[00:00:19] [worker #1] Bootstrap tree #50, logLikelihood: -5721.086634
[00:00:19] [worker #0] Bootstrap tree #41, logLikelihood: -5783.346890
[00:00:20] [worker #0] Bootstrap tree #43, logLikelihood: -5794.788654
[00:00:20] [worker #0] Bootstrap tree #45, logLikelihood: -5748.613841
[00:00:21] [worker #0] Bootstrap tree #47, logLikelihood: -5756.494273
[00:00:21] [worker #0] Bootstrap tree #49, logLikelihood: -5691.647695
[00:00:22] [worker #1] Bootstrap tree #52, logLikelihood: -5631.256811
[00:00:22] [worker #0] Bootstrap tree #51, logLikelihood: -5692.100574
[00:00:22] [worker #1] Bootstrap tree #54, logLikelihood: -5583.866137
[00:00:23] [worker #0] Bootstrap tree #53, logLikelihood: -5722.121283
[00:00:23] [worker #1] Bootstrap tree #56, logLikelihood: -5741.563519
[00:00:23] [worker #0] Bootstrap tree #55, logLikelihood: -5814.271472
[00:00:23] [worker #1] Bootstrap tree #58, logLikelihood: -5787.881424
[00:00:24] [worker #1] Bootstrap tree #60, logLikelihood: -5589.800004
[00:00:24] [worker #0] Bootstrap tree #57, logLikelihood: -5726.902746
[00:00:24] [worker #1] Bootstrap tree #62, logLikelihood: -5725.434666
[00:00:25] [worker #0] Bootstrap tree #59, logLikelihood: -5712.567597
[00:00:25] [worker #1] Bootstrap tree #64, logLikelihood: -5704.629354
[00:00:25] [worker #0] Bootstrap tree #61, logLikelihood: -5652.590729
[00:00:25] [worker #1] Bootstrap tree #66, logLikelihood: -5816.044008
[00:00:26] [worker #1] Bootstrap tree #68, logLikelihood: -5787.864408
[00:00:26] [worker #0] Bootstrap tree #63, logLikelihood: -5729.258607
[00:00:27] [worker #1] Bootstrap tree #70, logLikelihood: -5738.243723
[00:00:27] [worker #0] Bootstrap tree #65, logLikelihood: -5593.972025
[00:00:27] [worker #1] Bootstrap tree #72, logLikelihood: -5803.459124
[00:00:27] [worker #0] Bootstrap tree #67, logLikelihood: -5649.101439
[00:00:28] [worker #1] Bootstrap tree #74, logLikelihood: -5702.716138
[00:00:28] [worker #0] Bootstrap tree #69, logLikelihood: -5768.794735
[00:00:28] [worker #1] Bootstrap tree #76, logLikelihood: -5808.061123
[00:00:28] [worker #0] Bootstrap tree #71, logLikelihood: -5763.127653
[00:00:28] [worker #1] Bootstrap tree #78, logLikelihood: -5748.033730
[00:00:29] [worker #0] Bootstrap tree #73, logLikelihood: -5725.499271
[00:00:29] [worker #1] Bootstrap tree #80, logLikelihood: -5773.683308
[00:00:29] [worker #1] Bootstrap tree #82, logLikelihood: -5610.007512
[00:00:30] [worker #0] Bootstrap tree #75, logLikelihood: -5763.004033
[00:00:30] [worker #1] Bootstrap tree #84, logLikelihood: -5646.275135
[00:00:30] [worker #0] Bootstrap tree #77, logLikelihood: -5723.234355
[00:00:31] [worker #1] Bootstrap tree #86, logLikelihood: -5764.241476
[00:00:31] [worker #0] Bootstrap tree #79, logLikelihood: -5755.718964
[00:00:31] [worker #1] Bootstrap tree #88, logLikelihood: -5718.115733
[00:00:32] [worker #0] Bootstrap tree #81, logLikelihood: -5717.092679
[00:00:32] [worker #1] Bootstrap tree #90, logLikelihood: -5670.833964
[00:00:32] [worker #0] Bootstrap tree #83, logLikelihood: -5729.104444
[00:00:32] [worker #1] Bootstrap tree #92, logLikelihood: -5747.779962
[00:00:33] [worker #1] Bootstrap tree #94, logLikelihood: -5712.276183
[00:00:33] [worker #0] Bootstrap tree #85, logLikelihood: -5718.490566
[00:00:33] [worker #0] Bootstrap tree #87, logLikelihood: -5836.540377
[00:00:34] [worker #1] Bootstrap tree #96, logLikelihood: -5751.272131
[00:00:34] [worker #1] Bootstrap tree #98, logLikelihood: -5745.106499
[00:00:34] [worker #0] Bootstrap tree #89, logLikelihood: -5732.893800
[00:00:35] [worker #0] Bootstrap tree #91, logLikelihood: -5809.472926
[00:00:35] [worker #1] Bootstrap tree #100, logLikelihood: -5755.402687
[00:00:35] [worker #0] Bootstrap tree #93, logLikelihood: -5694.030914
[00:00:36] [worker #0] Bootstrap tree #95, logLikelihood: -5676.226699
[00:00:36] [worker #0] Bootstrap tree #97, logLikelihood: -5647.529321
[00:00:37] [worker #0] Bootstrap tree #99, logLikelihood: -5882.953826
[00:00:38] [worker #0] Bootstrap tree #101, logLikelihood: -5707.396534
[00:00:38] [worker #1] Bootstrap tree #102, logLikelihood: -5726.535577
[00:00:38] [worker #0] Bootstrap tree #103, logLikelihood: -5726.005828
[00:00:38] [worker #1] Bootstrap tree #104, logLikelihood: -5762.987735
[00:00:39] [worker #1] Bootstrap tree #106, logLikelihood: -5723.306774
[00:00:39] [worker #0] Bootstrap tree #105, logLikelihood: -5724.649448
[00:00:40] [worker #0] Bootstrap tree #107, logLikelihood: -5731.101736
[00:00:40] [worker #1] Bootstrap tree #108, logLikelihood: -5744.283766
[00:00:40] [worker #1] Bootstrap tree #110, logLikelihood: -5921.551922
[00:00:40] [worker #0] Bootstrap tree #109, logLikelihood: -5710.541030
[00:00:41] [worker #1] Bootstrap tree #112, logLikelihood: -5663.192804
[00:00:41] [worker #0] Bootstrap tree #111, logLikelihood: -5840.372864
[00:00:41] [worker #1] Bootstrap tree #114, logLikelihood: -5804.365057
[00:00:41] [worker #0] Bootstrap tree #113, logLikelihood: -5691.528619
[00:00:42] [worker #1] Bootstrap tree #116, logLikelihood: -5667.262329
[00:00:42] [worker #0] Bootstrap tree #115, logLikelihood: -5799.815301
[00:00:42] [worker #1] Bootstrap tree #118, logLikelihood: -5737.100792
[00:00:43] [worker #1] Bootstrap tree #120, logLikelihood: -5717.399268
[00:00:43] [worker #0] Bootstrap tree #117, logLikelihood: -5840.624015
[00:00:43] [worker #1] Bootstrap tree #122, logLikelihood: -5792.206645
[00:00:43] [worker #0] Bootstrap tree #119, logLikelihood: -5699.512211
[00:00:44] [worker #1] Bootstrap tree #124, logLikelihood: -5725.189497
[00:00:44] [worker #0] Bootstrap tree #121, logLikelihood: -5765.675578
[00:00:44] [worker #1] Bootstrap tree #126, logLikelihood: -5802.647059
[00:00:45] [worker #0] Bootstrap tree #123, logLikelihood: -5857.340221
[00:00:45] [worker #1] Bootstrap tree #128, logLikelihood: -5733.325567
[00:00:45] [worker #0] Bootstrap tree #125, logLikelihood: -5708.531365
[00:00:45] [worker #1] Bootstrap tree #130, logLikelihood: -5750.212160
[00:00:46] [worker #1] Bootstrap tree #132, logLikelihood: -5843.781571
[00:00:46] [worker #0] Bootstrap tree #127, logLikelihood: -5806.930545
[00:00:46] [worker #1] Bootstrap tree #134, logLikelihood: -5791.969442
[00:00:47] [worker #0] Bootstrap tree #129, logLikelihood: -5684.495786
[00:00:47] [worker #1] Bootstrap tree #136, logLikelihood: -5705.647952
[00:00:47] [worker #0] Bootstrap tree #131, logLikelihood: -5692.889684
[00:00:47] [worker #1] Bootstrap tree #138, logLikelihood: -5718.035046
[00:00:48] [worker #1] Bootstrap tree #140, logLikelihood: -5705.553927
[00:00:48] [worker #0] Bootstrap tree #133, logLikelihood: -5631.960557
[00:00:48] [worker #1] Bootstrap tree #142, logLikelihood: -5677.984489
[00:00:48] [worker #0] Bootstrap tree #135, logLikelihood: -5778.247426
[00:00:49] [worker #1] Bootstrap tree #144, logLikelihood: -5642.701908
[00:00:49] [worker #0] Bootstrap tree #137, logLikelihood: -5852.833340
[00:00:49] [worker #1] Bootstrap tree #146, logLikelihood: -5732.140455
[00:00:50] [worker #0] Bootstrap tree #139, logLikelihood: -5704.947255
[00:00:50] [worker #1] Bootstrap tree #148, logLikelihood: -5802.702916
[00:00:50] [worker #1] Bootstrap tree #150, logLikelihood: -5714.922487
[00:00:50] [worker #0] Bootstrap tree #141, logLikelihood: -5810.449469
[00:00:51] [worker #0] Bootstrap tree #143, logLikelihood: -5767.863730
[00:00:51] [worker #0] Bootstrap tree #145, logLikelihood: -5779.241642
[00:00:52] [worker #0] Bootstrap tree #147, logLikelihood: -5721.494671
[00:00:53] [worker #0] Bootstrap tree #149, logLikelihood: -5730.499242
[00:00:54] [worker #1] Bootstrap tree #152, logLikelihood: -5765.915084
[00:00:54] [worker #0] Bootstrap tree #151, logLikelihood: -5715.267550
[00:00:54] [worker #0] Bootstrap tree #153, logLikelihood: -5782.332683
[00:00:54] [worker #1] Bootstrap tree #154, logLikelihood: -5755.782064
[00:00:55] [worker #1] Bootstrap tree #156, logLikelihood: -5731.136914
[00:00:55] [worker #0] Bootstrap tree #155, logLikelihood: -5736.405515
[00:00:55] [worker #1] Bootstrap tree #158, logLikelihood: -5750.045056
[00:00:55] [worker #0] Bootstrap tree #157, logLikelihood: -5898.765366
[00:00:56] [worker #1] Bootstrap tree #160, logLikelihood: -5808.547657
[00:00:56] [worker #0] Bootstrap tree #159, logLikelihood: -5857.059014
[00:00:56] [worker #1] Bootstrap tree #162, logLikelihood: -5773.112767
[00:00:57] [worker #0] Bootstrap tree #161, logLikelihood: -5740.908395
[00:00:57] [worker #1] Bootstrap tree #164, logLikelihood: -5802.749443
[00:00:57] [worker #1] Bootstrap tree #166, logLikelihood: -5712.005327
[00:00:57] [worker #0] Bootstrap tree #163, logLikelihood: -5683.538094
[00:00:58] [worker #1] Bootstrap tree #168, logLikelihood: -5646.174676
[00:00:58] [worker #0] Bootstrap tree #165, logLikelihood: -5670.157027
[00:00:58] [worker #1] Bootstrap tree #170, logLikelihood: -5696.736584
[00:00:58] [worker #0] Bootstrap tree #167, logLikelihood: -5741.194684
[00:00:59] [worker #1] Bootstrap tree #172, logLikelihood: -5728.208036
[00:00:59] [worker #1] Bootstrap tree #174, logLikelihood: -5751.070405
[00:00:59] [worker #0] Bootstrap tree #169, logLikelihood: -5794.268968
[00:00:59] [worker #1] Bootstrap tree #176, logLikelihood: -5741.638655
[00:01:00] [worker #0] Bootstrap tree #171, logLikelihood: -5696.445819
[00:01:00] [worker #1] Bootstrap tree #178, logLikelihood: -5690.541157
[00:01:01] [worker #1] Bootstrap tree #180, logLikelihood: -5693.917181
[00:01:01] [worker #0] Bootstrap tree #173, logLikelihood: -5798.676294
[00:01:01] [worker #1] Bootstrap tree #182, logLikelihood: -5765.904291
[00:01:01] [worker #0] Bootstrap tree #175, logLikelihood: -5695.006965
[00:01:02] [worker #1] Bootstrap tree #184, logLikelihood: -5731.219898
[00:01:02] [worker #0] Bootstrap tree #177, logLikelihood: -5656.034229
[00:01:02] [worker #1] Bootstrap tree #186, logLikelihood: -5791.717910
[00:01:02] [worker #0] Bootstrap tree #179, logLikelihood: -5767.421376
[00:01:03] [worker #1] Bootstrap tree #188, logLikelihood: -5735.365619
[00:01:03] [worker #0] Bootstrap tree #181, logLikelihood: -5772.146557
[00:01:03] [worker #1] Bootstrap tree #190, logLikelihood: -5767.776336
[00:01:04] [worker #1] Bootstrap tree #192, logLikelihood: -5679.373587
[00:01:04] [worker #0] Bootstrap tree #183, logLikelihood: -5703.052763
[00:01:05] [worker #0] Bootstrap tree #185, logLikelihood: -5779.528789
[00:01:05] [worker #1] Bootstrap tree #194, logLikelihood: -5801.208993
[00:01:05] [worker #0] Bootstrap tree #187, logLikelihood: -5776.813281
[00:01:05] [worker #1] Bootstrap tree #196, logLikelihood: -5756.260537
[00:01:06] [worker #0] Bootstrap tree #189, logLikelihood: -5831.525871
[00:01:06] [worker #1] Bootstrap tree #198, logLikelihood: -5718.070340
[00:01:06] [worker #0] Bootstrap tree #191, logLikelihood: -5772.401091
[00:01:06] [worker #1] Bootstrap tree #200, logLikelihood: -5820.209546
[00:01:07] [worker #0] Bootstrap tree #193, logLikelihood: -5824.688882
[00:01:08] [worker #0] Bootstrap tree #195, logLikelihood: -5821.699599
[00:01:09] [worker #0] Bootstrap tree #197, logLikelihood: -5808.524602
[00:01:10] [worker #0] Bootstrap tree #199, logLikelihood: -5783.862936
[00:01:10] [worker #1] Bootstrap tree #202, logLikelihood: -5724.025583
[00:01:10] [worker #0] Bootstrap tree #201, logLikelihood: -5748.761679
[00:01:11] [worker #1] Bootstrap tree #204, logLikelihood: -5784.334168
[00:01:11] [worker #0] Bootstrap tree #203, logLikelihood: -5633.463141
[00:01:11] [worker #1] Bootstrap tree #206, logLikelihood: -5661.831224
[00:01:12] [worker #0] Bootstrap tree #205, logLikelihood: -5665.531913
[00:01:12] [worker #1] Bootstrap tree #208, logLikelihood: -5698.069569
[00:01:12] [worker #1] Bootstrap tree #210, logLikelihood: -5741.487249
[00:01:12] [worker #0] Bootstrap tree #207, logLikelihood: -5696.333181
[00:01:13] [worker #1] Bootstrap tree #212, logLikelihood: -5785.409405
[00:01:13] [worker #0] Bootstrap tree #209, logLikelihood: -5786.665427
[00:01:13] [worker #1] Bootstrap tree #214, logLikelihood: -5619.922192
[00:01:13] [worker #0] Bootstrap tree #211, logLikelihood: -5676.192208
[00:01:14] [worker #1] Bootstrap tree #216, logLikelihood: -5614.856365
[00:01:14] [worker #0] Bootstrap tree #213, logLikelihood: -5683.878260
[00:01:14] [worker #1] Bootstrap tree #218, logLikelihood: -5822.157037
[00:01:15] [worker #0] Bootstrap tree #215, logLikelihood: -5745.445270
[00:01:15] [worker #1] Bootstrap tree #220, logLikelihood: -5792.736692
[00:01:15] [worker #0] Bootstrap tree #217, logLikelihood: -5688.875074
[00:01:15] [worker #1] Bootstrap tree #222, logLikelihood: -5669.604456
[00:01:16] [worker #1] Bootstrap tree #224, logLikelihood: -5655.085968
[00:01:16] [worker #0] Bootstrap tree #219, logLikelihood: -5752.535055
[00:01:16] [worker #1] Bootstrap tree #226, logLikelihood: -5681.711910
[00:01:16] [worker #0] Bootstrap tree #221, logLikelihood: -5762.693741
[00:01:17] [worker #1] Bootstrap tree #228, logLikelihood: -5690.243939
[00:01:17] [worker #0] Bootstrap tree #223, logLikelihood: -5683.484193
[00:01:17] [worker #1] Bootstrap tree #230, logLikelihood: -5745.351509
[00:01:18] [worker #0] Bootstrap tree #225, logLikelihood: -5713.337452
[00:01:18] [worker #1] Bootstrap tree #232, logLikelihood: -5729.093696
[00:01:18] [worker #0] Bootstrap tree #227, logLikelihood: -5638.933020
[00:01:18] [worker #1] Bootstrap tree #234, logLikelihood: -5661.176724
[00:01:19] [worker #1] Bootstrap tree #236, logLikelihood: -5768.551529
[00:01:19] [worker #0] Bootstrap tree #229, logLikelihood: -5818.959070
[00:01:19] [worker #1] Bootstrap tree #238, logLikelihood: -5631.524888
[00:01:20] [worker #0] Bootstrap tree #231, logLikelihood: -5797.069128
[00:01:20] [worker #1] Bootstrap tree #240, logLikelihood: -5641.290224
[00:01:20] [worker #1] Bootstrap tree #242, logLikelihood: -5875.781457
[00:01:20] [worker #0] Bootstrap tree #233, logLikelihood: -5776.642496
[00:01:21] [worker #1] Bootstrap tree #244, logLikelihood: -5693.866513
[00:01:21] [worker #0] Bootstrap tree #235, logLikelihood: -5681.185887
[00:01:21] [worker #1] Bootstrap tree #246, logLikelihood: -5833.318558
[00:01:21] [worker #0] Bootstrap tree #237, logLikelihood: -5694.064392
[00:01:22] [worker #1] Bootstrap tree #248, logLikelihood: -5686.095936
[00:01:22] [worker #0] Bootstrap tree #239, logLikelihood: -5613.410884
[00:01:22] [worker #1] Bootstrap tree #250, logLikelihood: -5728.453082
[00:01:23] [worker #0] Bootstrap tree #241, logLikelihood: -5709.991343
[00:01:23] [worker #0] Bootstrap tree #243, logLikelihood: -5780.623982
[00:01:24] [worker #0] Bootstrap tree #245, logLikelihood: -5837.254677
[00:01:24] [worker #0] Bootstrap tree #247, logLikelihood: -5780.782069
[00:01:25] [worker #0] Bootstrap tree #249, logLikelihood: -5636.814621
[00:01:26] [worker #1] Bootstrap tree #252, logLikelihood: -5768.167657
[00:01:26] [worker #0] Bootstrap tree #251, logLikelihood: -5677.712843
[00:01:26] [worker #1] Bootstrap tree #254, logLikelihood: -5718.511984
[00:01:27] [worker #0] Bootstrap tree #253, logLikelihood: -5718.219662
[00:01:27] [worker #1] Bootstrap tree #256, logLikelihood: -5758.137609
[00:01:27] [worker #1] Bootstrap tree #258, logLikelihood: -5808.263720
[00:01:27] [worker #0] Bootstrap tree #255, logLikelihood: -5602.444668
[00:01:28] [worker #1] Bootstrap tree #260, logLikelihood: -5803.850815
[00:01:28] [worker #0] Bootstrap tree #257, logLikelihood: -5651.839839
[00:01:28] [worker #1] Bootstrap tree #262, logLikelihood: -5761.576307
[00:01:29] [worker #0] Bootstrap tree #259, logLikelihood: -5833.469705
[00:01:29] [worker #1] Bootstrap tree #264, logLikelihood: -5727.604163
[00:01:29] [worker #1] Bootstrap tree #266, logLikelihood: -5696.322149
[00:01:29] [worker #0] Bootstrap tree #261, logLikelihood: -5673.625162
[00:01:30] [worker #1] Bootstrap tree #268, logLikelihood: -5741.014371
[00:01:30] [worker #0] Bootstrap tree #263, logLikelihood: -5784.691463
[00:01:30] [worker #1] Bootstrap tree #270, logLikelihood: -5661.467003
[00:01:30] [worker #0] Bootstrap tree #265, logLikelihood: -5812.903647
[00:01:31] [worker #1] Bootstrap tree #272, logLikelihood: -5842.903600
[00:01:31] [worker #0] Bootstrap tree #267, logLikelihood: -5707.067655
[00:01:31] [worker #1] Bootstrap tree #274, logLikelihood: -5794.090922
[00:01:32] [worker #0] Bootstrap tree #269, logLikelihood: -5881.117434
[00:01:32] [worker #1] Bootstrap tree #276, logLikelihood: -5751.533469
[00:01:32] [worker #1] Bootstrap tree #278, logLikelihood: -5689.802341
[00:01:32] [worker #0] Bootstrap tree #271, logLikelihood: -5680.293109
[00:01:32] [worker #1] Bootstrap tree #280, logLikelihood: -5746.287914
[00:01:33] [worker #0] Bootstrap tree #273, logLikelihood: -5677.887969
[00:01:33] [worker #1] Bootstrap tree #282, logLikelihood: -5611.696883
[00:01:33] [worker #0] Bootstrap tree #275, logLikelihood: -5747.438665
[00:01:34] [worker #1] Bootstrap tree #284, logLikelihood: -5745.759054
[00:01:34] [worker #0] Bootstrap tree #277, logLikelihood: -5659.235761
[00:01:34] [worker #1] Bootstrap tree #286, logLikelihood: -5803.312498
[00:01:35] [worker #1] Bootstrap tree #288, logLikelihood: -5750.270666
[00:01:35] [worker #0] Bootstrap tree #279, logLikelihood: -5640.295189
[00:01:35] [worker #1] Bootstrap tree #290, logLikelihood: -5731.960760
[00:01:35] [worker #0] Bootstrap tree #281, logLikelihood: -5780.343626
[00:01:36] [worker #1] Bootstrap tree #292, logLikelihood: -5776.363317
[00:01:36] [worker #0] Bootstrap tree #283, logLikelihood: -5666.468277
[00:01:36] [worker #1] Bootstrap tree #294, logLikelihood: -5769.978596
[00:01:36] [worker #1] Bootstrap tree #296, logLikelihood: -5774.855479
[00:01:36] [worker #0] Bootstrap tree #285, logLikelihood: -5682.518671
[00:01:37] [worker #1] Bootstrap tree #298, logLikelihood: -5816.866194
[00:01:37] [worker #0] Bootstrap tree #287, logLikelihood: -5751.007983
[00:01:37] [worker #1] Bootstrap tree #300, logLikelihood: -5666.415878
[00:01:38] [worker #0] Bootstrap tree #289, logLikelihood: -5785.246287
[00:01:38] [worker #0] Bootstrap tree #291, logLikelihood: -5768.008846
[00:01:39] [worker #0] Bootstrap tree #293, logLikelihood: -5747.982579
[00:01:40] [worker #0] Bootstrap tree #295, logLikelihood: -5694.387414
[00:01:40] [worker #0] Bootstrap tree #297, logLikelihood: -5617.773083
[00:01:41] [worker #0] Bootstrap tree #299, logLikelihood: -5865.622221
[00:01:42] [worker #1] Bootstrap tree #302, logLikelihood: -5657.717177
[00:01:42] [worker #0] Bootstrap tree #301, logLikelihood: -5715.387572
[00:01:42] [worker #1] Bootstrap tree #304, logLikelihood: -5763.833365
[00:01:42] [worker #0] Bootstrap tree #303, logLikelihood: -5780.241730
[00:01:43] [worker #1] Bootstrap tree #306, logLikelihood: -5735.275964
[00:01:43] [worker #0] Bootstrap tree #305, logLikelihood: -5635.730459
[00:01:43] [worker #1] Bootstrap tree #308, logLikelihood: -5895.600909
[00:01:44] [worker #0] Bootstrap tree #307, logLikelihood: -5633.337095
[00:01:44] [worker #1] Bootstrap tree #310, logLikelihood: -5597.816937
[00:01:44] [worker #1] Bootstrap tree #312, logLikelihood: -5807.951174
[00:01:44] [worker #0] Bootstrap tree #309, logLikelihood: -5724.964732
[00:01:45] [worker #1] Bootstrap tree #314, logLikelihood: -5762.832732
[00:01:45] [worker #0] Bootstrap tree #311, logLikelihood: -5762.566322
[00:01:45] [worker #1] Bootstrap tree #316, logLikelihood: -5668.212527
[00:01:46] [worker #1] Bootstrap tree #318, logLikelihood: -5801.020582
[00:01:46] [worker #0] Bootstrap tree #313, logLikelihood: -5691.990238
[00:01:46] [worker #1] Bootstrap tree #320, logLikelihood: -5720.275546
[00:01:46] [worker #0] Bootstrap tree #315, logLikelihood: -5757.087793
[00:01:47] [worker #1] Bootstrap tree #322, logLikelihood: -5716.964106
[00:01:47] [worker #0] Bootstrap tree #317, logLikelihood: -5656.110534
[00:01:47] [worker #1] Bootstrap tree #324, logLikelihood: -5744.404830
[00:01:48] [worker #0] Bootstrap tree #319, logLikelihood: -5728.256100
[00:01:48] [worker #1] Bootstrap tree #326, logLikelihood: -5678.710450
[00:01:48] [worker #0] Bootstrap tree #321, logLikelihood: -5627.464298
[00:01:48] [worker #1] Bootstrap tree #328, logLikelihood: -5731.087062
[00:01:49] [worker #1] Bootstrap tree #330, logLikelihood: -5758.266764
[00:01:49] [worker #0] Bootstrap tree #323, logLikelihood: -5851.040119
[00:01:49] [worker #1] Bootstrap tree #332, logLikelihood: -5701.546718
[00:01:49] [worker #0] Bootstrap tree #325, logLikelihood: -5689.739201
[00:01:50] [worker #1] Bootstrap tree #334, logLikelihood: -5762.715377
[00:01:50] [worker #0] Bootstrap tree #327, logLikelihood: -5675.146174
[00:01:50] [worker #1] Bootstrap tree #336, logLikelihood: -5678.549544
[00:01:50] [worker #1] Bootstrap tree #338, logLikelihood: -5706.572689
[00:01:50] [worker #0] Bootstrap tree #329, logLikelihood: -5657.843746
[00:01:51] [worker #1] Bootstrap tree #340, logLikelihood: -5756.029761
[00:01:51] [worker #0] Bootstrap tree #331, logLikelihood: -5851.044670
[00:01:51] [worker #1] Bootstrap tree #342, logLikelihood: -5724.928173
[00:01:52] [worker #0] Bootstrap tree #333, logLikelihood: -5644.074882
[00:01:52] [worker #1] Bootstrap tree #344, logLikelihood: -5811.642245
[00:01:52] [worker #1] Bootstrap tree #346, logLikelihood: -5700.590032
[00:01:53] [worker #0] Bootstrap tree #335, logLikelihood: -5685.823264
[00:01:53] [worker #1] Bootstrap tree #348, logLikelihood: -5717.572318
[00:01:53] [worker #1] Bootstrap tree #350, logLikelihood: -5682.923613
[00:01:53] [worker #0] Bootstrap tree #337, logLikelihood: -5647.319557
[00:01:54] [worker #0] Bootstrap tree #339, logLikelihood: -5756.482531
[00:01:55] [worker #0] Bootstrap tree #341, logLikelihood: -5631.629598
[00:01:56] [worker #0] Bootstrap tree #343, logLikelihood: -5612.289298
[00:01:56] [worker #0] Bootstrap tree #345, logLikelihood: -5864.971446
[00:01:57] [worker #0] Bootstrap tree #347, logLikelihood: -5725.286684
[00:01:58] [worker #0] Bootstrap tree #349, logLikelihood: -5786.440787
[00:01:58] [worker #1] Bootstrap tree #352, logLikelihood: -5660.497851
[00:01:59] [worker #0] Bootstrap tree #351, logLikelihood: -5716.004904
[00:01:59] [worker #1] Bootstrap tree #354, logLikelihood: -5677.242516
[00:01:59] [worker #0] Bootstrap tree #353, logLikelihood: -5732.684551
[00:01:59] [worker #1] Bootstrap tree #356, logLikelihood: -5774.110331
[00:02:00] [worker #1] Bootstrap tree #358, logLikelihood: -5764.184743
[00:02:00] [worker #0] Bootstrap tree #355, logLikelihood: -5663.675307
[00:02:00] [worker #1] Bootstrap tree #360, logLikelihood: -5761.347701
[00:02:01] [worker #0] Bootstrap tree #357, logLikelihood: -5770.169049

RAxML-NG v. 1.0.2 released on 22.02.2021 by The Exelixis Lab.
Developed by: Alexey M. Kozlov and Alexandros Stamatakis.
Contributors: Diego Darriba, Tomas Flouri, Benoit Morel, Sarah Lutteropp, Ben Bettisworth.
Latest version: https://github.com/amkozlov/raxml-ng
Questions/problems/suggestions? Please visit: https://groups.google.com/forum/#!forum/raxml

System: Intel(R) Xeon(R) CPU E5-2650 0 @ 2.00GHz, 16 cores, 125 GB RAM

RAxML-NG was called at 14-Apr-2021 22:42:13 as follows:

raxml-ng --all --msa Final_alignment.fa --model GTR+G --prefix T15 --seed 2 --threads 2 --bs-metric fbp,tbe --outgroup SARS_Wuhansequence

Analysis options:
  run mode: ML tree search + bootstrapping (Felsenstein Bootstrap + Transfer Bootstrap)
  start tree(s): random (10) + parsimony (10)
  bootstrap replicates: max: 1000 + bootstopping (autoMRE, cutoff: 0.030000)
  outgroup taxa: SARS_Wuhansequence
  random seed: 2
  tip-inner: OFF
  pattern compression: ON
  per-rate scalers: OFF
  site repeats: ON
  branch lengths: proportional (ML estimate, algorithm: NR-FAST)
  SIMD kernels: AVX
  parallelization: coarse-grained (auto), PTHREADS (2 threads), thread pinning: OFF

WARNING: The model you specified on the command line (GTR+G) will be ignored 
         since the binary MSA file already contains a model definition.
         If you want to change the model, please re-run RAxML-NG 
         with the original PHYLIP/FASTA alignment and --redo option.

[00:00:00] Loading binary alignment from file: T15.raxml.rba
[00:00:00] Alignment comprises 26 taxa, 1 partitions and 150 patterns

Partition 0: noname
Model: GTR+FO+G4m
Alignment sites / patterns: 3906 / 150
Gaps: 3.03 %
Invariant sites: 98.64 %


Parallelization scheme autoconfig: 2 worker(s) x 1 thread(s)

ERROR: Following taxa were specified as an outgroup but are missing from the alignment:
SARS_Wuhansequence


ERROR: Outgroup taxon not found.


RAxML-NG v. 1.0.2 released on 22.02.2021 by The Exelixis Lab.
Developed by: Alexey M. Kozlov and Alexandros Stamatakis.
Contributors: Diego Darriba, Tomas Flouri, Benoit Morel, Sarah Lutteropp, Ben Bettisworth.
Latest version: https://github.com/amkozlov/raxml-ng
Questions/problems/suggestions? Please visit: https://groups.google.com/forum/#!forum/raxml

System: Intel(R) Xeon(R) CPU E5-2650 0 @ 2.00GHz, 16 cores, 125 GB RAM

RAxML-NG was called at 14-Apr-2021 22:42:49 as follows:

raxml-ng --all --msa Final_alignment.fa --model GTR+G --prefix T15 --seed 2 --threads 2 --bs-metric fbp,tbe --outgroup SARS2_Wuhansequence

Analysis options:
  run mode: ML tree search + bootstrapping (Felsenstein Bootstrap + Transfer Bootstrap)
  start tree(s): random (10) + parsimony (10)
  bootstrap replicates: max: 1000 + bootstopping (autoMRE, cutoff: 0.030000)
  outgroup taxa: SARS2_Wuhansequence
  random seed: 2
  tip-inner: OFF
  pattern compression: ON
  per-rate scalers: OFF
  site repeats: ON
  branch lengths: proportional (ML estimate, algorithm: NR-FAST)
  SIMD kernels: AVX
  parallelization: coarse-grained (auto), PTHREADS (2 threads), thread pinning: OFF

WARNING: The model you specified on the command line (GTR+G) will be ignored 
         since the binary MSA file already contains a model definition.
         If you want to change the model, please re-run RAxML-NG 
         with the original PHYLIP/FASTA alignment and --redo option.

[00:00:00] Loading binary alignment from file: T15.raxml.rba
[00:00:00] Alignment comprises 26 taxa, 1 partitions and 150 patterns

Partition 0: noname
Model: GTR+FO+G4m
Alignment sites / patterns: 3906 / 150
Gaps: 3.03 %
Invariant sites: 98.64 %


Parallelization scheme autoconfig: 2 worker(s) x 1 thread(s)

Parallel reduction/worker buffer size: 1 KB  / 0 KB

[00:00:00] NOTE: Resuming execution from checkpoint (logLH: -6208.83, ML trees: 20, bootstraps: 359)
[00:00:00] Data distribution: max. partitions/sites/weight per thread: 1 / 150 / 2400
[00:00:00] Data distribution: max. searches per worker: 321

Starting ML tree search with 20 distinct starting trees


[00:00:00] ML tree search completed, best tree logLH: -5754.742242

[00:00:00] Starting bootstrapping analysis with 1000 replicates.

[00:00:00] [worker #1] Bootstrap tree #362, logLikelihood: -5697.912146
[00:00:00] [worker #0] Bootstrap tree #359, logLikelihood: -5672.767089
[00:00:00] [worker #1] Bootstrap tree #363, logLikelihood: -5737.882596
[00:00:01] [worker #1] Bootstrap tree #365, logLikelihood: -5703.623354
[00:00:01] [worker #0] Bootstrap tree #361, logLikelihood: -5755.236431
[00:00:01] [worker #1] Bootstrap tree #367, logLikelihood: -5693.768083
[00:00:02] [worker #0] Bootstrap tree #364, logLikelihood: -5768.918966
[00:00:02] [worker #1] Bootstrap tree #369, logLikelihood: -5784.974721
[00:00:02] [worker #1] Bootstrap tree #371, logLikelihood: -5819.367363
[00:00:02] [worker #0] Bootstrap tree #366, logLikelihood: -5788.120815
[00:00:03] [worker #1] Bootstrap tree #373, logLikelihood: -5681.249265
[00:00:03] [worker #0] Bootstrap tree #368, logLikelihood: -5770.823355
[00:00:03] [worker #1] Bootstrap tree #375, logLikelihood: -5843.631651
[00:00:04] [worker #1] Bootstrap tree #377, logLikelihood: -5746.871700
[00:00:04] [worker #0] Bootstrap tree #370, logLikelihood: -5733.491427
[00:00:04] [worker #1] Bootstrap tree #379, logLikelihood: -5763.396657
[00:00:04] [worker #0] Bootstrap tree #372, logLikelihood: -5712.956571
[00:00:05] [worker #1] Bootstrap tree #381, logLikelihood: -5739.486070
[00:00:05] [worker #0] Bootstrap tree #374, logLikelihood: -5701.028215
[00:00:05] [worker #1] Bootstrap tree #383, logLikelihood: -5744.924372
[00:00:06] [worker #0] Bootstrap tree #376, logLikelihood: -5679.307524
[00:00:06] [worker #1] Bootstrap tree #385, logLikelihood: -5715.539099
[00:00:06] [worker #1] Bootstrap tree #387, logLikelihood: -5690.281670
[00:00:06] [worker #0] Bootstrap tree #378, logLikelihood: -5750.980497
[00:00:07] [worker #1] Bootstrap tree #389, logLikelihood: -5821.158823
[00:00:07] [worker #0] Bootstrap tree #380, logLikelihood: -5611.599321
[00:00:07] [worker #1] Bootstrap tree #391, logLikelihood: -5776.061569
[00:00:07] [worker #0] Bootstrap tree #382, logLikelihood: -5852.649350
[00:00:08] [worker #1] Bootstrap tree #393, logLikelihood: -5703.951529
[00:00:08] [worker #1] Bootstrap tree #395, logLikelihood: -5718.171374
[00:00:08] [worker #0] Bootstrap tree #384, logLikelihood: -5751.388215
[00:00:09] [worker #0] Bootstrap tree #386, logLikelihood: -5553.161179
[00:00:09] [worker #1] Bootstrap tree #397, logLikelihood: -5807.404681
[00:00:09] [worker #1] Bootstrap tree #399, logLikelihood: -5808.289119
[00:00:09] [worker #0] Bootstrap tree #388, logLikelihood: -5778.192415
[00:00:10] [worker #0] Bootstrap tree #390, logLikelihood: -5741.128421
[00:00:11] [worker #0] Bootstrap tree #392, logLikelihood: -5756.115757
[00:00:11] [worker #0] Bootstrap tree #394, logLikelihood: -5623.176447
[00:00:12] [worker #0] Bootstrap tree #396, logLikelihood: -5681.567389
[00:00:13] [worker #0] Bootstrap tree #398, logLikelihood: -5621.688281
[00:00:13] [worker #0] Bootstrap tree #400, logLikelihood: -5825.022758
[00:00:15] [worker #1] Bootstrap tree #401, logLikelihood: -5717.384591
[00:00:15] [worker #0] Bootstrap tree #402, logLikelihood: -5752.258696
[00:00:15] [worker #1] Bootstrap tree #403, logLikelihood: -5703.790737
[00:00:15] [worker #1] Bootstrap tree #405, logLikelihood: -5671.601109
[00:00:16] [worker #0] Bootstrap tree #404, logLikelihood: -5766.159609
[00:00:16] [worker #1] Bootstrap tree #407, logLikelihood: -5759.121076
[00:00:16] [worker #0] Bootstrap tree #406, logLikelihood: -5679.719673
[00:00:17] [worker #1] Bootstrap tree #409, logLikelihood: -5776.346381
[00:00:17] [worker #0] Bootstrap tree #408, logLikelihood: -5792.725327
[00:00:17] [worker #1] Bootstrap tree #411, logLikelihood: -5838.706933
[00:00:18] [worker #0] Bootstrap tree #410, logLikelihood: -5792.323181
[00:00:18] [worker #1] Bootstrap tree #413, logLikelihood: -5700.180320
[00:00:18] [worker #1] Bootstrap tree #415, logLikelihood: -5702.234558
[00:00:18] [worker #0] Bootstrap tree #412, logLikelihood: -5925.896592
[00:00:19] [worker #1] Bootstrap tree #417, logLikelihood: -5932.395069
[00:00:19] [worker #0] Bootstrap tree #414, logLikelihood: -5742.320188
[00:00:19] [worker #1] Bootstrap tree #419, logLikelihood: -5634.971218
[00:00:19] [worker #0] Bootstrap tree #416, logLikelihood: -5752.969311
[00:00:20] [worker #1] Bootstrap tree #421, logLikelihood: -5829.453939
[00:00:20] [worker #1] Bootstrap tree #423, logLikelihood: -5645.900908
[00:00:20] [worker #0] Bootstrap tree #418, logLikelihood: -5714.096559
[00:00:21] [worker #1] Bootstrap tree #425, logLikelihood: -5655.762402
[00:00:21] [worker #0] Bootstrap tree #420, logLikelihood: -5743.729431
[00:00:21] [worker #1] Bootstrap tree #427, logLikelihood: -5697.153230
[00:00:22] [worker #1] Bootstrap tree #429, logLikelihood: -5673.138436
[00:00:22] [worker #0] Bootstrap tree #422, logLikelihood: -5742.495769
[00:00:22] [worker #1] Bootstrap tree #431, logLikelihood: -5759.536486
[00:00:23] [worker #0] Bootstrap tree #424, logLikelihood: -5693.203504
[00:00:23] [worker #1] Bootstrap tree #433, logLikelihood: -5695.026783
[00:00:23] [worker #1] Bootstrap tree #435, logLikelihood: -5698.332112
[00:00:23] [worker #0] Bootstrap tree #426, logLikelihood: -5809.085739
[00:00:24] [worker #1] Bootstrap tree #437, logLikelihood: -5731.015363
[00:00:24] [worker #0] Bootstrap tree #428, logLikelihood: -5607.426663
[00:00:24] [worker #1] Bootstrap tree #439, logLikelihood: -5777.070533
[00:00:25] [worker #1] Bootstrap tree #441, logLikelihood: -5685.244449
[00:00:25] [worker #0] Bootstrap tree #430, logLikelihood: -5781.363054
[00:00:25] [worker #1] Bootstrap tree #443, logLikelihood: -5875.005618
[00:00:25] [worker #0] Bootstrap tree #432, logLikelihood: -5806.057884
[00:00:26] [worker #1] Bootstrap tree #445, logLikelihood: -5743.442110
[00:00:26] [worker #0] Bootstrap tree #434, logLikelihood: -5772.065869
[00:00:26] [worker #1] Bootstrap tree #447, logLikelihood: -5649.713177
[00:00:26] [worker #1] Bootstrap tree #449, logLikelihood: -5831.655386
[00:00:27] [worker #0] Bootstrap tree #436, logLikelihood: -5792.033325
[00:00:27] [worker #0] Bootstrap tree #438, logLikelihood: -5751.830615
[00:00:28] [worker #0] Bootstrap tree #440, logLikelihood: -5680.378040
[00:00:28] [worker #0] Bootstrap tree #442, logLikelihood: -5749.581081
[00:00:29] [worker #0] Bootstrap tree #444, logLikelihood: -5713.085607
[00:00:30] [worker #0] Bootstrap tree #446, logLikelihood: -5681.188230
[00:00:30] [worker #0] Bootstrap tree #448, logLikelihood: -5737.317173
[00:00:31] [worker #0] Bootstrap tree #450, logLikelihood: -5731.836923
[00:00:32] [worker #1] Bootstrap tree #451, logLikelihood: -5711.546365
[00:00:32] [worker #0] Bootstrap tree #452, logLikelihood: -5781.531597
[00:00:33] [worker #1] Bootstrap tree #453, logLikelihood: -5609.079784
[00:00:33] [worker #0] Bootstrap tree #454, logLikelihood: -5708.899158
[00:00:33] [worker #1] Bootstrap tree #455, logLikelihood: -5715.728246
[00:00:34] [worker #0] Bootstrap tree #456, logLikelihood: -5659.240353
[00:00:34] [worker #1] Bootstrap tree #457, logLikelihood: -5712.377343
[00:00:34] [worker #1] Bootstrap tree #459, logLikelihood: -5694.928818
[00:00:34] [worker #0] Bootstrap tree #458, logLikelihood: -5761.931777
[00:00:35] [worker #1] Bootstrap tree #461, logLikelihood: -5796.514070
[00:00:35] [worker #0] Bootstrap tree #460, logLikelihood: -5608.045986
[00:00:35] [worker #1] Bootstrap tree #463, logLikelihood: -5846.039903
[00:00:36] [worker #1] Bootstrap tree #465, logLikelihood: -5665.943186
[00:00:36] [worker #0] Bootstrap tree #462, logLikelihood: -5702.059989
[00:00:36] [worker #1] Bootstrap tree #467, logLikelihood: -5746.590773
[00:00:37] [worker #0] Bootstrap tree #464, logLikelihood: -5804.452078
[00:00:37] [worker #1] Bootstrap tree #469, logLikelihood: -5667.417681
[00:00:37] [worker #1] Bootstrap tree #471, logLikelihood: -5684.757120
[00:00:37] [worker #0] Bootstrap tree #466, logLikelihood: -5734.750619
[00:00:38] [worker #1] Bootstrap tree #473, logLikelihood: -5699.463033
[00:00:38] [worker #0] Bootstrap tree #468, logLikelihood: -5634.758862
[00:00:38] [worker #1] Bootstrap tree #475, logLikelihood: -5733.867294
[00:00:39] [worker #0] Bootstrap tree #470, logLikelihood: -5769.334564
[00:00:39] [worker #1] Bootstrap tree #477, logLikelihood: -5677.610573
[00:00:39] [worker #0] Bootstrap tree #472, logLikelihood: -5730.060198
[00:00:39] [worker #1] Bootstrap tree #479, logLikelihood: -5740.570049
[00:00:40] [worker #1] Bootstrap tree #481, logLikelihood: -5756.778310
[00:00:40] [worker #0] Bootstrap tree #474, logLikelihood: -5802.528151
[00:00:40] [worker #1] Bootstrap tree #483, logLikelihood: -5693.109312
[00:00:40] [worker #0] Bootstrap tree #476, logLikelihood: -5790.043018
[00:00:41] [worker #1] Bootstrap tree #485, logLikelihood: -5686.582885
[00:00:41] [worker #0] Bootstrap tree #478, logLikelihood: -5698.119585
[00:00:41] [worker #1] Bootstrap tree #487, logLikelihood: -5633.492035
[00:00:42] [worker #0] Bootstrap tree #480, logLikelihood: -5612.685450
[00:00:42] [worker #1] Bootstrap tree #489, logLikelihood: -5803.743942
[00:00:42] [worker #0] Bootstrap tree #482, logLikelihood: -5748.755954
[00:00:43] [worker #1] Bootstrap tree #491, logLikelihood: -5677.593971
[00:00:43] [worker #1] Bootstrap tree #493, logLikelihood: -5737.173013
[00:00:43] [worker #0] Bootstrap tree #484, logLikelihood: -5748.367277
[00:00:44] [worker #1] Bootstrap tree #495, logLikelihood: -5675.907149
[00:00:44] [worker #0] Bootstrap tree #486, logLikelihood: -5708.434783
[00:00:44] [worker #1] Bootstrap tree #497, logLikelihood: -5722.342861
[00:00:44] [worker #0] Bootstrap tree #488, logLikelihood: -5664.286793
[00:00:45] [worker #1] Bootstrap tree #499, logLikelihood: -5750.664175
[00:00:45] [worker #0] Bootstrap tree #490, logLikelihood: -5738.979819
[00:00:46] [worker #0] Bootstrap tree #492, logLikelihood: -5772.499115
[00:00:47] [worker #0] Bootstrap tree #494, logLikelihood: -5816.437369
[00:00:47] [worker #0] Bootstrap tree #496, logLikelihood: -5703.907962
[00:00:48] [worker #0] Bootstrap tree #498, logLikelihood: -5717.524111
[00:00:48] [worker #0] Bootstrap tree #500, logLikelihood: -5708.681041
[00:00:50] [worker #1] Bootstrap tree #501, logLikelihood: -5781.398838
[00:00:50] [worker #0] Bootstrap tree #502, logLikelihood: -5728.796520
[00:00:50] [worker #1] Bootstrap tree #503, logLikelihood: -5634.802022
[00:00:50] [worker #0] Bootstrap tree #504, logLikelihood: -5612.171833
[00:00:51] [worker #1] Bootstrap tree #505, logLikelihood: -5825.035138
[00:00:51] [worker #1] Bootstrap tree #507, logLikelihood: -5633.296949
[00:00:51] [worker #0] Bootstrap tree #506, logLikelihood: -5843.250205
[00:00:52] [worker #1] Bootstrap tree #509, logLikelihood: -5807.429828
[00:00:52] [worker #0] Bootstrap tree #508, logLikelihood: -5689.208487
[00:00:52] [worker #1] Bootstrap tree #511, logLikelihood: -5753.103739
[00:00:53] [worker #1] Bootstrap tree #513, logLikelihood: -5642.976489
[00:00:53] [worker #0] Bootstrap tree #510, logLikelihood: -5789.716584
[00:00:53] [worker #1] Bootstrap tree #515, logLikelihood: -5783.192804
[00:00:53] [worker #0] Bootstrap tree #512, logLikelihood: -5767.384088
[00:00:54] [worker #1] Bootstrap tree #517, logLikelihood: -5783.690387
[00:00:54] [worker #1] Bootstrap tree #519, logLikelihood: -5704.337267
[00:00:54] [worker #0] Bootstrap tree #514, logLikelihood: -5757.130453
[00:00:54] [worker #1] Bootstrap tree #521, logLikelihood: -5697.354230
[00:00:55] [worker #0] Bootstrap tree #516, logLikelihood: -5705.549806
[00:00:55] [worker #1] Bootstrap tree #523, logLikelihood: -5756.937280
[00:00:55] [worker #0] Bootstrap tree #518, logLikelihood: -5583.642766
[00:00:56] [worker #1] Bootstrap tree #525, logLikelihood: -5696.218235
[00:00:56] [worker #0] Bootstrap tree #520, logLikelihood: -5759.438280
[00:00:56] [worker #1] Bootstrap tree #527, logLikelihood: -5857.452634
[00:00:57] [worker #0] Bootstrap tree #522, logLikelihood: -5667.692324
[00:00:57] [worker #1] Bootstrap tree #529, logLikelihood: -5738.498024
[00:00:57] [worker #0] Bootstrap tree #524, logLikelihood: -5655.652218
[00:00:57] [worker #1] Bootstrap tree #531, logLikelihood: -5673.046472
[00:00:58] [worker #1] Bootstrap tree #533, logLikelihood: -5785.351822
[00:00:58] [worker #0] Bootstrap tree #526, logLikelihood: -5798.504102
[00:00:58] [worker #1] Bootstrap tree #535, logLikelihood: -5693.313353
[00:00:59] [worker #0] Bootstrap tree #528, logLikelihood: -5745.624091
[00:00:59] [worker #1] Bootstrap tree #537, logLikelihood: -5785.200107
[00:00:59] [worker #1] Bootstrap tree #539, logLikelihood: -5783.089793
[00:01:00] [worker #0] Bootstrap tree #530, logLikelihood: -5721.556677
[00:01:00] [worker #1] Bootstrap tree #541, logLikelihood: -5776.331871
[00:01:00] [worker #1] Bootstrap tree #543, logLikelihood: -5752.171586
[00:01:00] [worker #0] Bootstrap tree #532, logLikelihood: -5701.811335
[00:01:01] [worker #1] Bootstrap tree #545, logLikelihood: -5806.045370
[00:01:01] [worker #0] Bootstrap tree #534, logLikelihood: -5828.114134
[00:01:01] [worker #1] Bootstrap tree #547, logLikelihood: -5669.638151
[00:01:02] [worker #1] Bootstrap tree #549, logLikelihood: -5658.378875
[00:01:02] [worker #0] Bootstrap tree #536, logLikelihood: -5819.798719
[00:01:02] [worker #0] Bootstrap tree #538, logLikelihood: -5689.818993
[00:01:03] [worker #0] Bootstrap tree #540, logLikelihood: -5826.142170
[00:01:04] [worker #0] Bootstrap tree #542, logLikelihood: -5630.673743
[00:01:04] [worker #0] Bootstrap tree #544, logLikelihood: -5725.553155
[00:01:05] [worker #0] Bootstrap tree #546, logLikelihood: -5721.917040
[00:01:06] [worker #0] Bootstrap tree #548, logLikelihood: -5604.201074
[00:01:06] [worker #0] Bootstrap tree #550, logLikelihood: -5828.108942
[00:01:08] [worker #1] Bootstrap tree #551, logLikelihood: -5692.410230
[00:01:08] [worker #0] Bootstrap tree #552, logLikelihood: -5778.305064
[00:01:08] [worker #1] Bootstrap tree #553, logLikelihood: -5794.490539
[00:01:08] [worker #0] Bootstrap tree #554, logLikelihood: -5668.026460
[00:01:09] [worker #1] Bootstrap tree #555, logLikelihood: -5628.201205
[00:01:09] [worker #0] Bootstrap tree #556, logLikelihood: -5796.477515
[00:01:09] [worker #1] Bootstrap tree #557, logLikelihood: -5740.888902
[00:01:10] [worker #1] Bootstrap tree #559, logLikelihood: -5707.450798
[00:01:10] [worker #0] Bootstrap tree #558, logLikelihood: -5732.655589
[00:01:10] [worker #1] Bootstrap tree #561, logLikelihood: -5835.457896
[00:01:11] [worker #0] Bootstrap tree #560, logLikelihood: -5837.180016
[00:01:11] [worker #1] Bootstrap tree #563, logLikelihood: -5616.627011
[00:01:11] [worker #1] Bootstrap tree #565, logLikelihood: -5844.737646
[00:01:11] [worker #0] Bootstrap tree #562, logLikelihood: -5747.510191
[00:01:12] [worker #1] Bootstrap tree #567, logLikelihood: -5692.919920
[00:01:12] [worker #0] Bootstrap tree #564, logLikelihood: -5642.694878
[00:01:12] [worker #1] Bootstrap tree #569, logLikelihood: -5661.758140
[00:01:13] [worker #0] Bootstrap tree #566, logLikelihood: -5868.556768
[00:01:13] [worker #1] Bootstrap tree #571, logLikelihood: -5839.524915
[00:01:13] [worker #0] Bootstrap tree #568, logLikelihood: -5746.216197
[00:01:13] [worker #1] Bootstrap tree #573, logLikelihood: -5664.756445
[00:01:14] [worker #1] Bootstrap tree #575, logLikelihood: -5778.307339
[00:01:14] [worker #0] Bootstrap tree #570, logLikelihood: -5756.262275
[00:01:14] [worker #1] Bootstrap tree #577, logLikelihood: -5764.151316
[00:01:15] [worker #0] Bootstrap tree #572, logLikelihood: -5697.527571
[00:01:15] [worker #1] Bootstrap tree #579, logLikelihood: -5665.993278
[00:01:15] [worker #1] Bootstrap tree #581, logLikelihood: -5777.611292
[00:01:16] [worker #0] Bootstrap tree #574, logLikelihood: -5708.029657
[00:01:16] [worker #1] Bootstrap tree #583, logLikelihood: -5712.978060
[00:01:16] [worker #1] Bootstrap tree #585, logLikelihood: -5690.002014
[00:01:16] [worker #0] Bootstrap tree #576, logLikelihood: -5747.756651
[00:01:17] [worker #1] Bootstrap tree #587, logLikelihood: -5833.718270
[00:01:17] [worker #0] Bootstrap tree #578, logLikelihood: -5671.843898
[00:01:17] [worker #1] Bootstrap tree #589, logLikelihood: -5709.558247
[00:01:18] [worker #0] Bootstrap tree #580, logLikelihood: -5708.540153
[00:01:18] [worker #1] Bootstrap tree #591, logLikelihood: -5854.091036
[00:01:18] [worker #0] Bootstrap tree #582, logLikelihood: -5641.412098
[00:01:19] [worker #1] Bootstrap tree #593, logLikelihood: -5781.735462
[00:01:19] [worker #0] Bootstrap tree #584, logLikelihood: -5713.746408
[00:01:19] [worker #1] Bootstrap tree #595, logLikelihood: -5712.124572
[00:01:20] [worker #0] Bootstrap tree #586, logLikelihood: -5687.460455
[00:01:20] [worker #1] Bootstrap tree #597, logLikelihood: -5580.890665
[00:01:20] [worker #0] Bootstrap tree #588, logLikelihood: -5799.513656
[00:01:20] [worker #1] Bootstrap tree #599, logLikelihood: -5778.593178
[00:01:21] [worker #0] Bootstrap tree #590, logLikelihood: -5827.469701
[00:01:22] [worker #0] Bootstrap tree #592, logLikelihood: -5828.360778
[00:01:22] [worker #0] Bootstrap tree #594, logLikelihood: -5600.474180
[00:01:23] [worker #0] Bootstrap tree #596, logLikelihood: -5753.607258
[00:01:23] [worker #0] Bootstrap tree #598, logLikelihood: -5766.860338
[00:01:24] [worker #0] Bootstrap tree #600, logLikelihood: -5767.931806
[00:01:25] [worker #1] Bootstrap tree #601, logLikelihood: -5839.228869
[00:01:26] [worker #0] Bootstrap tree #602, logLikelihood: -5684.280385
[00:01:26] [worker #1] Bootstrap tree #603, logLikelihood: -5839.989985
[00:01:26] [worker #0] Bootstrap tree #604, logLikelihood: -5680.826289
[00:01:27] [worker #1] Bootstrap tree #605, logLikelihood: -5763.789157
[00:01:27] [worker #0] Bootstrap tree #606, logLikelihood: -5732.007520
[00:01:27] [worker #1] Bootstrap tree #607, logLikelihood: -5705.038116
[00:01:27] [worker #1] Bootstrap tree #609, logLikelihood: -5750.985837
[00:01:28] [worker #0] Bootstrap tree #608, logLikelihood: -5757.947435
[00:01:28] [worker #1] Bootstrap tree #611, logLikelihood: -5761.500442
[00:01:28] [worker #0] Bootstrap tree #610, logLikelihood: -5720.805955
[00:01:28] [worker #1] Bootstrap tree #613, logLikelihood: -5758.942985
[00:01:29] [worker #1] Bootstrap tree #615, logLikelihood: -5825.680363
[00:01:29] [worker #0] Bootstrap tree #612, logLikelihood: -5798.573056
[00:01:29] [worker #1] Bootstrap tree #617, logLikelihood: -5698.573088
[00:01:30] [worker #0] Bootstrap tree #614, logLikelihood: -5703.545829
[00:01:30] [worker #1] Bootstrap tree #619, logLikelihood: -5771.112682
[00:01:30] [worker #0] Bootstrap tree #616, logLikelihood: -5741.820253
[00:01:30] [worker #1] Bootstrap tree #621, logLikelihood: -5679.817518
[00:01:31] [worker #1] Bootstrap tree #623, logLikelihood: -5764.364480
[00:01:31] [worker #0] Bootstrap tree #618, logLikelihood: -5671.598758
[00:01:31] [worker #1] Bootstrap tree #625, logLikelihood: -5810.884455
[00:01:32] [worker #0] Bootstrap tree #620, logLikelihood: -5806.040650
[00:01:32] [worker #1] Bootstrap tree #627, logLikelihood: -5719.756472
[00:01:32] [worker #0] Bootstrap tree #622, logLikelihood: -5603.611663
[00:01:32] [worker #1] Bootstrap tree #629, logLikelihood: -5736.533387
[00:01:33] [worker #0] Bootstrap tree #624, logLikelihood: -5796.207505
[00:01:33] [worker #1] Bootstrap tree #631, logLikelihood: -5681.986823
[00:01:34] [worker #1] Bootstrap tree #633, logLikelihood: -5763.643738
[00:01:34] [worker #0] Bootstrap tree #626, logLikelihood: -5834.277677
[00:01:34] [worker #1] Bootstrap tree #635, logLikelihood: -5766.950591
[00:01:35] [worker #0] Bootstrap tree #628, logLikelihood: -5804.827888
[00:01:35] [worker #1] Bootstrap tree #637, logLikelihood: -5744.238417
[00:01:35] [worker #0] Bootstrap tree #630, logLikelihood: -5740.377057
[00:01:35] [worker #1] Bootstrap tree #639, logLikelihood: -5799.922234
[00:01:36] [worker #1] Bootstrap tree #641, logLikelihood: -5730.284836
[00:01:36] [worker #0] Bootstrap tree #632, logLikelihood: -5714.090252
[00:01:36] [worker #1] Bootstrap tree #643, logLikelihood: -5765.693621
[00:01:36] [worker #0] Bootstrap tree #634, logLikelihood: -5729.407576
[00:01:37] [worker #1] Bootstrap tree #645, logLikelihood: -5701.137280
[00:01:37] [worker #1] Bootstrap tree #647, logLikelihood: -5808.853267
[00:01:37] [worker #0] Bootstrap tree #636, logLikelihood: -5772.343952
[00:01:38] [worker #1] Bootstrap tree #649, logLikelihood: -5683.314083
[00:01:38] [worker #0] Bootstrap tree #638, logLikelihood: -5726.029086
[00:01:39] [worker #0] Bootstrap tree #640, logLikelihood: -5813.899094
[00:01:39] [worker #0] Bootstrap tree #642, logLikelihood: -5650.332144
[00:01:40] [worker #0] Bootstrap tree #644, logLikelihood: -5621.572989
[00:01:41] [worker #0] Bootstrap tree #646, logLikelihood: -5655.241369
[00:01:41] [worker #0] Bootstrap tree #648, logLikelihood: -5784.835605
[00:01:42] [worker #0] Bootstrap tree #650, logLikelihood: -5739.987947
[00:01:43] Bootstrapping converged after 650 replicates.

Optimized model parameters:

   Partition 0: noname
   Rate heterogeneity: GAMMA (4 cats, mean),  alpha: 0.020137 (ML),  weights&rates: (0.250000,0.000000) (0.250000,0.000000) (0.250000,0.000001) (0.250000,3.999999) 
   Base frequencies (ML): 0.295931 0.186471 0.182905 0.334693 
   Substitution rates (ML): 0.288084 0.350680 0.032955 0.271493 1.145264 1.000000 


Final LogLikelihood: -5754.742242

AIC score: 11625.484484 / AICc score: 11627.263533 / BIC score: 11989.160093
Free parameters (model + branch lengths): 58

WARNING: Best ML tree contains 13 near-zero branches!

Best ML tree with collapsed near-zero branches saved to: /home/kacharya/563_final_project/563_final/T15.raxml.bestTreeCollapsed
Best ML tree saved to: /home/kacharya/563_final_project/563_final/T15.raxml.bestTree
All ML trees saved to: /home/kacharya/563_final_project/563_final/T15.raxml.mlTrees
Best ML tree with Felsenstein bootstrap (FBP) support values saved to: /home/kacharya/563_final_project/563_final/T15.raxml.supportFBP
Best ML tree with Transfer bootstrap (TBE) support values saved to: /home/kacharya/563_final_project/563_final/T15.raxml.supportTBE
Optimized model saved to: /home/kacharya/563_final_project/563_final/T15.raxml.bestModel
Bootstrap trees saved to: /home/kacharya/563_final_project/563_final/T15.raxml.bootstraps

Execution log saved to: /home/kacharya/563_final_project/563_final/T15.raxml.log

Analysis started: 14-Apr-2021 22:42:49 / finished: 14-Apr-2021 22:44:32

Elapsed time: 103.702 seconds (this run) / 224.894 seconds (total with restarts)

Consumed energy: 5.935 Wh

