
RAxML-NG v. 1.0.2 released on 22.02.2021 by The Exelixis Lab.
Developed by: Alexey M. Kozlov and Alexandros Stamatakis.
Contributors: Diego Darriba, Tomas Flouri, Benoit Morel, Sarah Lutteropp, Ben Bettisworth.
Latest version: https://github.com/amkozlov/raxml-ng
Questions/problems/suggestions? Please visit: https://groups.google.com/forum/#!forum/raxml

System: Intel(R) Xeon(R) CPU E5-2650 0 @ 2.00GHz, 16 cores, 125 GB RAM

RAxML-NG was called at 23-Apr-2021 22:15:39 as follows:

raxml-ng --evaluate --msa S_sequences_final_alignment.fa --threads 10 --model GTR+G --tree T20.raxml.bestTree --prefix Final --force perf_threads

Analysis options:
  run mode: Evaluate tree likelihood
  start tree(s): user
  random seed: 1619234139
  tip-inner: OFF
  pattern compression: ON
  per-rate scalers: OFF
  site repeats: ON
  branch lengths: proportional (ML estimate, algorithm: NR-FAST)
  SIMD kernels: AVX
  parallelization: coarse-grained (auto), PTHREADS (10 threads), thread pinning: OFF

WARNING: Running in FORCE mode: some safety checks are disabled!

[00:00:00] Reading alignment from file: S_sequences_final_alignment.fa
[00:00:00] Loaded alignment with 27 taxa and 3925 sites

WARNING: Sequences hCoV-19_Brazil1 and hCoV-19_Brazil2 are exactly identical!
WARNING: Sequences hCoV-19_Egypt1 and hCoV-19_Egypt2 are exactly identical!
WARNING: Duplicate sequences found: 2

NOTE: Reduced alignment (with duplicates and gap-only sites/taxa removed) 
NOTE: was saved to: /home/kacharya/EEOB563_Final_project/EEOB563_Final_project/Final.raxml.reduced.phy

Alignment comprises 1 partitions and 225 patterns

Partition 0: noname
Model: GTR+FO+G4m
Alignment sites / patterns: 3925 / 225
Gaps: 3.52 %
Invariant sites: 74.90 %


NOTE: Binary MSA file already exists: Final.raxml.rba

Parallelization scheme autoconfig: 1 worker(s) x 10 thread(s)

Parallel reduction/worker buffer size: 1 KB  / 0 KB

[00:00:00] Loading user starting tree(s) from: T20.raxml.bestTree
[00:00:00] Data distribution: max. partitions/sites/weight per thread: 1 / 23 / 368
[00:00:00] Data distribution: max. searches per worker: 1

Evaluating 1 trees

[00:00:00] Tree #1, initial LogLikelihood: -9120.010910

[00:00:00 -9120.010910] Initial branch length optimization
[00:00:05 -9118.872279] Model parameter optimization (eps = 0.100000)

[00:01:58] Tree #1, final logLikelihood: -8881.281122


Optimized model parameters:

   Partition 0: noname
   Rate heterogeneity: GAMMA (4 cats, mean),  alpha: 1.001916 (ML),  weights&rates: (0.250000,0.137336) (0.250000,0.477327) (0.250000,1.000317) (0.250000,2.385020) 
   Base frequencies (ML): 0.289108 0.192377 0.184684 0.333831 
   Substitution rates (ML): 1.267863 2.190491 1.136710 0.584766 3.330713 1.000000 


Final LogLikelihood: -8881.281122

AIC score: 17882.562244 / AICc score: 17884.456654 / BIC score: 18259.069542
Free parameters (model + branch lengths): 60

WARNING: Best ML tree contains 13 near-zero branches!

Best ML tree with collapsed near-zero branches saved to: /home/kacharya/EEOB563_Final_project/EEOB563_Final_project/Final.raxml.bestTreeCollapsed
Best ML tree saved to: /home/kacharya/EEOB563_Final_project/EEOB563_Final_project/Final.raxml.bestTree
Optimized model saved to: /home/kacharya/EEOB563_Final_project/EEOB563_Final_project/Final.raxml.bestModel

Execution log saved to: /home/kacharya/EEOB563_Final_project/EEOB563_Final_project/Final.raxml.log

Analysis started: 23-Apr-2021 22:15:39 / finished: 23-Apr-2021 22:17:37

Elapsed time: 118.487 seconds

Consumed energy: 3.241 Wh

